Apple clang version 16.0.0 (clang-1600.0.26.6)
Target: arm64-apple-darwin24.3.0
Thread model: posix
InstalledDir: /Library/Developer/CommandLineTools/usr/bin
ignoring nonexistent directory "/Library/Developer/CommandLineTools/usr/bin/../include/c++/v1"
ignoring nonexistent directory "/Library/Developer/CommandLineTools/usr/bin/../include/c++/v1"
 "/Library/Developer/CommandLineTools/usr/bin/clang" -cc1 -triple arm64-apple-macosx15.0.0 -Wundef-prefix=TARGET_OS_ -Wdeprecated-objc-isa-usage -Werror=deprecated-objc-isa-usage -Werror=implicit-function-declaration -emit-obj -dumpdir a- -disable-free -clear-ast-before-backend -disable-llvm-verifier -discard-value-names -main-file-name homework4run.cpp -mrelocation-model pic -pic-level 2 -mframe-pointer=non-leaf -fno-strict-return -ffp-contract=on -fno-rounding-math -funwind-tables=1 -fobjc-msgsend-selector-stubs -target-sdk-version=15.2 -fvisibility-inlines-hidden-static-local-var -fno-modulemap-allow-subdirectory-search -target-cpu apple-m1 -target-feature +v8.5a -target-feature +aes -target-feature +crc -target-feature +dotprod -target-feature +fp-armv8 -target-feature +fp16fml -target-feature +lse -target-feature +ras -target-feature +rcpc -target-feature +rdm -target-feature +sha2 -target-feature +sha3 -target-feature +neon -target-feature +zcm -target-feature +zcz -target-feature +fullfp16 -target-abi darwinpcs -debugger-tuning=lldb -target-linker-version 1115.7.3 -v "-fcoverage-compilation-dir=/Users/zachfrost/Documents/USEPANET/Homework Assignment 04/builds/debug" -resource-dir /Library/Developer/CommandLineTools/usr/lib/clang/16 -isysroot /Library/Developer/CommandLineTools/SDKs/MacOSX.sdk -I/Users/zachfrost/Applications/EPANET/include -I. -I/usr/local/include -internal-isystem /Library/Developer/CommandLineTools/SDKs/MacOSX.sdk/usr/include/c++/v1 -internal-isystem /Library/Developer/CommandLineTools/SDKs/MacOSX.sdk/usr/local/include -internal-isystem /Library/Developer/CommandLineTools/usr/lib/clang/16/include -internal-externc-isystem /Library/Developer/CommandLineTools/SDKs/MacOSX.sdk/usr/include -internal-externc-isystem /Library/Developer/CommandLineTools/usr/include -O2 -Wall -Wno-reorder-init-list -Wno-implicit-int-float-conversion -Wno-c99-designator -Wno-final-dtor-non-final-class -Wno-extra-semi-stmt -Wno-misleading-indentation -Wno-quoted-include-in-framework-header -Wno-implicit-fallthrough -Wno-enum-enum-conversion -Wno-enum-float-conversion -Wno-elaborated-enum-base -Wno-reserved-identifier -Wno-gnu-folding-constant -fdeprecated-macro "-fdebug-compilation-dir=/Users/zachfrost/Documents/USEPANET/Homework Assignment 04/builds/debug" -ferror-limit 19 -stack-protector 1 -fstack-check -mdarwin-stkchk-strong-link -fblocks -fencode-extended-block-signature -fregister-global-dtors-with-atexit -fgnuc-version=4.2.1 -fno-cxx-modules -fcxx-exceptions -fexceptions -fmax-type-align=16 -fcommon -vectorize-loops -vectorize-slp -clang-vendor-feature=+disableNonDependentMemberExprInCurrentInstantiation -fno-odr-hash-protocols -clang-vendor-feature=+enableAggressiveVLAFolding -clang-vendor-feature=+revert09abecef7bbf -clang-vendor-feature=+thisNoAlignAttr -clang-vendor-feature=+thisNoNullAttr -clang-vendor-feature=+disableAtImportPrivateFrameworkInImplementationError -D__GCC_HAVE_DWARF2_CFI_ASM=1 -o /var/folders/6s/rt9f61cd2r31r1fy3jprw9sr0000gn/T/homework4run-100532.o -x c++ "/Users/zachfrost/Documents/USEPANET/Homework Assignment 04/homework4run.cpp"
clang -cc1 version 16.0.0 (clang-1600.0.26.6) default target arm64-apple-darwin24.3.0
ignoring nonexistent directory "/Library/Developer/CommandLineTools/SDKs/MacOSX.sdk/usr/local/include"
ignoring nonexistent directory "/Library/Developer/CommandLineTools/SDKs/MacOSX.sdk/Library/Frameworks"
#include "..." search starts here:
#include <...> search starts here:
 /Users/zachfrost/Applications/EPANET/include
 .
 /usr/local/include
 /Library/Developer/CommandLineTools/SDKs/MacOSX.sdk/usr/include/c++/v1
 /Library/Developer/CommandLineTools/usr/lib/clang/16/include
 /Library/Developer/CommandLineTools/SDKs/MacOSX.sdk/usr/include
 /Library/Developer/CommandLineTools/usr/include
 /Library/Developer/CommandLineTools/SDKs/MacOSX.sdk/System/Library/Frameworks (framework directory)
End of search list.
/Users/zachfrost/Documents/USEPANET/Homework Assignment 04/homework4run.cpp:15:7: warning: unused variable 'index' [-Wunused-variable]
   15 |   int index; // Use to index numerically all nodes and junctions
      |       ^~~~~
/Users/zachfrost/Documents/USEPANET/Homework Assignment 04/homework4run.cpp:23:12: warning: variable 'proj' is uninitialized when used here [-Wuninitialized]
   23 |   runSetup(proj, units, headMethod, reportFile);
      |            ^~~~
/Users/zachfrost/Documents/USEPANET/Homework Assignment 04/homework4run.cpp:16:18: note: initialize the variable 'proj' to silence this warning
   16 |   EN_Project proj; // Establish the project pointer, as a EPANET Project
      |                  ^
      |                   = NULL
2 warnings generated.
 "/Library/Developer/CommandLineTools/usr/bin/clang" -cc1 -triple arm64-apple-macosx15.0.0 -Wundef-prefix=TARGET_OS_ -Wdeprecated-objc-isa-usage -Werror=deprecated-objc-isa-usage -Werror=implicit-function-declaration -emit-obj -dumpdir a- -disable-free -clear-ast-before-backend -disable-llvm-verifier -discard-value-names -main-file-name handlerforEPANET.cpp -mrelocation-model pic -pic-level 2 -mframe-pointer=non-leaf -fno-strict-return -ffp-contract=on -fno-rounding-math -funwind-tables=1 -fobjc-msgsend-selector-stubs -target-sdk-version=15.2 -fvisibility-inlines-hidden-static-local-var -fno-modulemap-allow-subdirectory-search -target-cpu apple-m1 -target-feature +v8.5a -target-feature +aes -target-feature +crc -target-feature +dotprod -target-feature +fp-armv8 -target-feature +fp16fml -target-feature +lse -target-feature +ras -target-feature +rcpc -target-feature +rdm -target-feature +sha2 -target-feature +sha3 -target-feature +neon -target-feature +zcm -target-feature +zcz -target-feature +fullfp16 -target-abi darwinpcs -debugger-tuning=lldb -target-linker-version 1115.7.3 -v "-fcoverage-compilation-dir=/Users/zachfrost/Documents/USEPANET/Homework Assignment 04/builds/debug" -resource-dir /Library/Developer/CommandLineTools/usr/lib/clang/16 -isysroot /Library/Developer/CommandLineTools/SDKs/MacOSX.sdk -I/Users/zachfrost/Applications/EPANET/include -I. -I/usr/local/include -internal-isystem /Library/Developer/CommandLineTools/SDKs/MacOSX.sdk/usr/include/c++/v1 -internal-isystem /Library/Developer/CommandLineTools/SDKs/MacOSX.sdk/usr/local/include -internal-isystem /Library/Developer/CommandLineTools/usr/lib/clang/16/include -internal-externc-isystem /Library/Developer/CommandLineTools/SDKs/MacOSX.sdk/usr/include -internal-externc-isystem /Library/Developer/CommandLineTools/usr/include -O2 -Wall -Wno-reorder-init-list -Wno-implicit-int-float-conversion -Wno-c99-designator -Wno-final-dtor-non-final-class -Wno-extra-semi-stmt -Wno-misleading-indentation -Wno-quoted-include-in-framework-header -Wno-implicit-fallthrough -Wno-enum-enum-conversion -Wno-enum-float-conversion -Wno-elaborated-enum-base -Wno-reserved-identifier -Wno-gnu-folding-constant -fdeprecated-macro "-fdebug-compilation-dir=/Users/zachfrost/Documents/USEPANET/Homework Assignment 04/builds/debug" -ferror-limit 19 -stack-protector 1 -fstack-check -mdarwin-stkchk-strong-link -fblocks -fencode-extended-block-signature -fregister-global-dtors-with-atexit -fgnuc-version=4.2.1 -fno-cxx-modules -fcxx-exceptions -fexceptions -fmax-type-align=16 -fcommon -vectorize-loops -vectorize-slp -clang-vendor-feature=+disableNonDependentMemberExprInCurrentInstantiation -fno-odr-hash-protocols -clang-vendor-feature=+enableAggressiveVLAFolding -clang-vendor-feature=+revert09abecef7bbf -clang-vendor-feature=+thisNoAlignAttr -clang-vendor-feature=+thisNoNullAttr -clang-vendor-feature=+disableAtImportPrivateFrameworkInImplementationError -D__GCC_HAVE_DWARF2_CFI_ASM=1 -o /var/folders/6s/rt9f61cd2r31r1fy3jprw9sr0000gn/T/handlerforEPANET-b0ba5d.o -x c++ /Users/zachfrost/Documents/USEPANET/include/handlerforEPANET.cpp
clang -cc1 version 16.0.0 (clang-1600.0.26.6) default target arm64-apple-darwin24.3.0
ignoring nonexistent directory "/Library/Developer/CommandLineTools/SDKs/MacOSX.sdk/usr/local/include"
ignoring nonexistent directory "/Library/Developer/CommandLineTools/SDKs/MacOSX.sdk/Library/Frameworks"
#include "..." search starts here:
#include <...> search starts here:
 /Users/zachfrost/Applications/EPANET/include
 .
 /usr/local/include
 /Library/Developer/CommandLineTools/SDKs/MacOSX.sdk/usr/include/c++/v1
 /Library/Developer/CommandLineTools/usr/lib/clang/16/include
 /Library/Developer/CommandLineTools/SDKs/MacOSX.sdk/usr/include
 /Library/Developer/CommandLineTools/usr/include
 /Library/Developer/CommandLineTools/SDKs/MacOSX.sdk/System/Library/Frameworks (framework directory)
End of search list.
/Users/zachfrost/Documents/USEPANET/include/handlerforEPANET.cpp:75:17: warning: 'auto' type specifier is a C++11 extension [-Wc++11-extensions]
   75 |           const auto time = std::chrono::system_clock::to_time_t(std::chrono::system_clock::now());
      |                 ^
1 warning generated.
 "/Library/Developer/CommandLineTools/usr/bin/ld" -demangle -lto_library /Library/Developer/CommandLineTools/usr/lib/libLTO.dylib -dynamic -arch arm64 -platform_version macos 15.0.0 15.2 -syslibroot /Library/Developer/CommandLineTools/SDKs/MacOSX.sdk -O2 -mllvm -enable-linkonceodr-outlining -o a.out -L/Users/zachfrost/Applications/EPANET/build/lib -L/usr/local/lib /var/folders/6s/rt9f61cd2r31r1fy3jprw9sr0000gn/T/homework4run-100532.o /var/folders/6s/rt9f61cd2r31r1fy3jprw9sr0000gn/T/handlerforEPANET-b0ba5d.o -lepanet2 -lc++ -lSystem /Library/Developer/CommandLineTools/usr/lib/clang/16/lib/darwin/libclang_rt.osx.a
Undefined symbols for architecture arm64:
  "runSetup(Project*, int, int, std::__1::basic_string<char, std::__1::char_traits<char>, std::__1::allocator<char>>, std::__1::basic_string<char, std::__1::char_traits<char>, std::__1::allocator<char>>, std::__1::basic_string<char, std::__1::char_traits<char>, std::__1::allocator<char>>)", referenced from:
      _main in homework4run-100532.o
ld: symbol(s) not found for architecture arm64
clang++: error: linker command failed with exit code 1 (use -v to see invocation)
